<?xml version="1.0" encoding="UTF-8"?>
<testsuite name="Tests" tests="4" skipped="0" failures="0" errors="0" timestamp="2018-01-28T19:06:41" hostname="ross-ubuntu" time="0.568">
  <properties/>
  <testcase name="saveTest" classname="Tests" time="0.001"/>
  <testcase name="blockingTest" classname="Tests" time="0.0"/>
  <testcase name="hybridTest" classname="Tests" time="0.271"/>
  <testcase name="saveEncryptedTest" classname="Tests" time="0.295"/>
  <system-out><![CDATA[]]></system-out>
  <system-err><![CDATA[]]></system-err>
</testsuite>
