<?xml version="1.0" encoding="UTF-8"?>
<testsuite name="Tests" tests="5" skipped="0" failures="0" errors="0" timestamp="2017-11-02T16:37:23" hostname="pc3-006-l.cs.st-andrews.ac.uk" time="1.783">
  <properties/>
  <testcase name="saveTest" classname="Tests" time="0.008"/>
  <testcase name="blockingTest" classname="Tests" time="0.0"/>
  <testcase name="peerTest" classname="Tests" time="0.614"/>
  <testcase name="hybridTest" classname="Tests" time="0.371"/>
  <testcase name="saveEncryptedTest" classname="Tests" time="0.788"/>
  <system-out><![CDATA[]]></system-out>
  <system-err><![CDATA[]]></system-err>
</testsuite>
